Build started 7/31/2020 12:22:26 AM.
     1>Project "C:\Users\Georgegege\Documents\TR-Dosen\TR-Dosen\TR-Dosen\TR-Dosen.vcxproj" on node 2 (build target(s)).
     1>InitializeBuildStatus:
         Creating "Debug\TR-Dosen.unsuccessfulbuild" because "AlwaysCreate" was specified.
       ClCompile:
         C:\Program Files (x86)\Microsoft Visual Studio 10.0\VC\bin\CL.exe /c /I"C:\Users\Georgegege\Documents\Glew & Glut Visual Studio\freeglut\include" /I"C:\Users\Georgegege\Documents\Glew & Glut Visual Studio\Glew\include" /ZI /nologo /W3 /WX- /Od /Oy- /D _MBCS /Gm /EHsc /RTC1 /MDd /GS /fp:precise /Zc:wchar_t /Zc:forScope /Fo"Debug\\" /Fd"Debug\vc100.pdb" /Gd /TP /analyze- /errorReport:prompt TR.cpp
         TR.cpp
     1>c:\users\georgegege\documents\tr-dosen\tr-dosen\tr-dosen\tr.cpp(31): warning C4305: 'initializing' : truncation from 'double' to 'GLfloat'
     1>c:\users\georgegege\documents\tr-dosen\tr-dosen\tr-dosen\tr.cpp(31): warning C4305: 'initializing' : truncation from 'double' to 'GLfloat'
     1>c:\users\georgegege\documents\tr-dosen\tr-dosen\tr-dosen\tr.cpp(31): warning C4305: 'initializing' : truncation from 'double' to 'GLfloat'
     1>c:\users\georgegege\documents\tr-dosen\tr-dosen\tr-dosen\tr.cpp(34): warning C4305: 'initializing' : truncation from 'double' to 'GLfloat'
     1>c:\users\georgegege\documents\tr-dosen\tr-dosen\tr-dosen\tr.cpp(34): warning C4305: 'initializing' : truncation from 'double' to 'GLfloat'
     1>c:\users\georgegege\documents\tr-dosen\tr-dosen\tr-dosen\tr.cpp(92): warning C4305: 'argument' : truncation from 'double' to 'GLfloat'
     1>c:\users\georgegege\documents\tr-dosen\tr-dosen\tr-dosen\tr.cpp(92): warning C4305: 'argument' : truncation from 'double' to 'GLfloat'
     1>c:\users\georgegege\documents\tr-dosen\tr-dosen\tr-dosen\tr.cpp(92): warning C4305: 'argument' : truncation from 'double' to 'GLfloat'
     1>c:\users\georgegege\documents\tr-dosen\tr-dosen\tr-dosen\tr.cpp(101): warning C4305: 'argument' : truncation from 'double' to 'GLfloat'
     1>c:\users\georgegege\documents\tr-dosen\tr-dosen\tr-dosen\tr.cpp(101): warning C4305: 'argument' : truncation from 'double' to 'GLfloat'
     1>c:\users\georgegege\documents\tr-dosen\tr-dosen\tr-dosen\tr.cpp(101): warning C4305: 'argument' : truncation from 'double' to 'GLfloat'
     1>c:\users\georgegege\documents\tr-dosen\tr-dosen\tr-dosen\tr.cpp(109): warning C4305: 'argument' : truncation from 'double' to 'GLfloat'
     1>c:\users\georgegege\documents\tr-dosen\tr-dosen\tr-dosen\tr.cpp(109): warning C4305: 'argument' : truncation from 'double' to 'GLfloat'
     1>c:\users\georgegege\documents\tr-dosen\tr-dosen\tr-dosen\tr.cpp(109): warning C4305: 'argument' : truncation from 'double' to 'GLfloat'
     1>c:\users\georgegege\documents\tr-dosen\tr-dosen\tr-dosen\tr.cpp(117): warning C4305: 'argument' : truncation from 'double' to 'GLfloat'
     1>c:\users\georgegege\documents\tr-dosen\tr-dosen\tr-dosen\tr.cpp(117): warning C4305: 'argument' : truncation from 'double' to 'GLfloat'
     1>c:\users\georgegege\documents\tr-dosen\tr-dosen\tr-dosen\tr.cpp(117): warning C4305: 'argument' : truncation from 'double' to 'GLfloat'
     1>c:\users\georgegege\documents\tr-dosen\tr-dosen\tr-dosen\tr.cpp(126): warning C4305: 'argument' : truncation from 'double' to 'GLfloat'
     1>c:\users\georgegege\documents\tr-dosen\tr-dosen\tr-dosen\tr.cpp(126): warning C4305: 'argument' : truncation from 'double' to 'GLfloat'
     1>c:\users\georgegege\documents\tr-dosen\tr-dosen\tr-dosen\tr.cpp(126): warning C4305: 'argument' : truncation from 'double' to 'GLfloat'
     1>c:\users\georgegege\documents\tr-dosen\tr-dosen\tr-dosen\tr.cpp(135): warning C4305: 'argument' : truncation from 'double' to 'GLfloat'
     1>c:\users\georgegege\documents\tr-dosen\tr-dosen\tr-dosen\tr.cpp(135): warning C4305: 'argument' : truncation from 'double' to 'GLfloat'
     1>c:\users\georgegege\documents\tr-dosen\tr-dosen\tr-dosen\tr.cpp(135): warning C4305: 'argument' : truncation from 'double' to 'GLfloat'
     1>c:\users\georgegege\documents\tr-dosen\tr-dosen\tr-dosen\tr.cpp(144): warning C4305: 'argument' : truncation from 'double' to 'GLfloat'
     1>c:\users\georgegege\documents\tr-dosen\tr-dosen\tr-dosen\tr.cpp(144): warning C4305: 'argument' : truncation from 'double' to 'GLfloat'
     1>c:\users\georgegege\documents\tr-dosen\tr-dosen\tr-dosen\tr.cpp(144): warning C4305: 'argument' : truncation from 'double' to 'GLfloat'
     1>c:\users\georgegege\documents\tr-dosen\tr-dosen\tr-dosen\tr.cpp(153): warning C4305: 'argument' : truncation from 'double' to 'GLfloat'
     1>c:\users\georgegege\documents\tr-dosen\tr-dosen\tr-dosen\tr.cpp(153): warning C4305: 'argument' : truncation from 'double' to 'GLfloat'
     1>c:\users\georgegege\documents\tr-dosen\tr-dosen\tr-dosen\tr.cpp(153): warning C4305: 'argument' : truncation from 'double' to 'GLfloat'
     1>c:\users\georgegege\documents\tr-dosen\tr-dosen\tr-dosen\tr.cpp(154): warning C4305: 'argument' : truncation from 'double' to 'GLfloat'
     1>c:\users\georgegege\documents\tr-dosen\tr-dosen\tr-dosen\tr.cpp(154): warning C4305: 'argument' : truncation from 'double' to 'GLfloat'
     1>c:\users\georgegege\documents\tr-dosen\tr-dosen\tr-dosen\tr.cpp(154): warning C4305: 'argument' : truncation from 'double' to 'GLfloat'
     1>c:\users\georgegege\documents\tr-dosen\tr-dosen\tr-dosen\tr.cpp(163): warning C4305: 'argument' : truncation from 'double' to 'GLfloat'
     1>c:\users\georgegege\documents\tr-dosen\tr-dosen\tr-dosen\tr.cpp(163): warning C4305: 'argument' : truncation from 'double' to 'GLfloat'
     1>c:\users\georgegege\documents\tr-dosen\tr-dosen\tr-dosen\tr.cpp(163): warning C4305: 'argument' : truncation from 'double' to 'GLfloat'
     1>c:\users\georgegege\documents\tr-dosen\tr-dosen\tr-dosen\tr.cpp(164): warning C4305: 'argument' : truncation from 'double' to 'GLfloat'
     1>c:\users\georgegege\documents\tr-dosen\tr-dosen\tr-dosen\tr.cpp(164): warning C4305: 'argument' : truncation from 'double' to 'GLfloat'
     1>c:\users\georgegege\documents\tr-dosen\tr-dosen\tr-dosen\tr.cpp(164): warning C4305: 'argument' : truncation from 'double' to 'GLfloat'
     1>c:\users\georgegege\documents\tr-dosen\tr-dosen\tr-dosen\tr.cpp(173): warning C4305: 'argument' : truncation from 'double' to 'GLfloat'
     1>c:\users\georgegege\documents\tr-dosen\tr-dosen\tr-dosen\tr.cpp(173): warning C4305: 'argument' : truncation from 'double' to 'GLfloat'
     1>c:\users\georgegege\documents\tr-dosen\tr-dosen\tr-dosen\tr.cpp(173): warning C4305: 'argument' : truncation from 'double' to 'GLfloat'
     1>c:\users\georgegege\documents\tr-dosen\tr-dosen\tr-dosen\tr.cpp(181): warning C4305: 'argument' : truncation from 'double' to 'GLfloat'
     1>c:\users\georgegege\documents\tr-dosen\tr-dosen\tr-dosen\tr.cpp(181): warning C4305: 'argument' : truncation from 'double' to 'GLfloat'
     1>c:\users\georgegege\documents\tr-dosen\tr-dosen\tr-dosen\tr.cpp(181): warning C4305: 'argument' : truncation from 'double' to 'GLfloat'
     1>c:\users\georgegege\documents\tr-dosen\tr-dosen\tr-dosen\tr.cpp(189): warning C4305: 'argument' : truncation from 'double' to 'GLfloat'
     1>c:\users\georgegege\documents\tr-dosen\tr-dosen\tr-dosen\tr.cpp(189): warning C4305: 'argument' : truncation from 'double' to 'GLfloat'
     1>c:\users\georgegege\documents\tr-dosen\tr-dosen\tr-dosen\tr.cpp(189): warning C4305: 'argument' : truncation from 'double' to 'GLfloat'
     1>c:\users\georgegege\documents\tr-dosen\tr-dosen\tr-dosen\tr.cpp(190): warning C4305: 'argument' : truncation from 'double' to 'GLfloat'
     1>c:\users\georgegege\documents\tr-dosen\tr-dosen\tr-dosen\tr.cpp(191): warning C4305: 'argument' : truncation from 'double' to 'GLfloat'
     1>c:\users\georgegege\documents\tr-dosen\tr-dosen\tr-dosen\tr.cpp(192): warning C4305: 'argument' : truncation from 'double' to 'GLfloat'
     1>c:\users\georgegege\documents\tr-dosen\tr-dosen\tr-dosen\tr.cpp(193): warning C4305: 'argument' : truncation from 'double' to 'GLfloat'
     1>c:\users\georgegege\documents\tr-dosen\tr-dosen\tr-dosen\tr.cpp(197): warning C4305: 'argument' : truncation from 'double' to 'GLfloat'
     1>c:\users\georgegege\documents\tr-dosen\tr-dosen\tr-dosen\tr.cpp(197): warning C4305: 'argument' : truncation from 'double' to 'GLfloat'
     1>c:\users\georgegege\documents\tr-dosen\tr-dosen\tr-dosen\tr.cpp(197): warning C4305: 'argument' : truncation from 'double' to 'GLfloat'
     1>c:\users\georgegege\documents\tr-dosen\tr-dosen\tr-dosen\tr.cpp(198): warning C4305: 'argument' : truncation from 'double' to 'GLfloat'
     1>c:\users\georgegege\documents\tr-dosen\tr-dosen\tr-dosen\tr.cpp(199): warning C4305: 'argument' : truncation from 'double' to 'GLfloat'
     1>c:\users\georgegege\documents\tr-dosen\tr-dosen\tr-dosen\tr.cpp(200): warning C4305: 'argument' : truncation from 'double' to 'GLfloat'
     1>c:\users\georgegege\documents\tr-dosen\tr-dosen\tr-dosen\tr.cpp(201): warning C4305: 'argument' : truncation from 'double' to 'GLfloat'
     1>c:\users\georgegege\documents\tr-dosen\tr-dosen\tr-dosen\tr.cpp(205): warning C4305: 'argument' : truncation from 'double' to 'GLfloat'
     1>c:\users\georgegege\documents\tr-dosen\tr-dosen\tr-dosen\tr.cpp(205): warning C4305: 'argument' : truncation from 'double' to 'GLfloat'
     1>c:\users\georgegege\documents\tr-dosen\tr-dosen\tr-dosen\tr.cpp(205): warning C4305: 'argument' : truncation from 'double' to 'GLfloat'
     1>c:\users\georgegege\documents\tr-dosen\tr-dosen\tr-dosen\tr.cpp(206): warning C4305: 'argument' : truncation from 'double' to 'GLfloat'
     1>c:\users\georgegege\documents\tr-dosen\tr-dosen\tr-dosen\tr.cpp(207): warning C4305: 'argument' : truncation from 'double' to 'GLfloat'
     1>c:\users\georgegege\documents\tr-dosen\tr-dosen\tr-dosen\tr.cpp(208): warning C4305: 'argument' : truncation from 'double' to 'GLfloat'
     1>c:\users\georgegege\documents\tr-dosen\tr-dosen\tr-dosen\tr.cpp(209): warning C4305: 'argument' : truncation from 'double' to 'GLfloat'
     1>c:\users\georgegege\documents\tr-dosen\tr-dosen\tr-dosen\tr.cpp(213): warning C4305: 'argument' : truncation from 'double' to 'GLfloat'
     1>c:\users\georgegege\documents\tr-dosen\tr-dosen\tr-dosen\tr.cpp(213): warning C4305: 'argument' : truncation from 'double' to 'GLfloat'
     1>c:\users\georgegege\documents\tr-dosen\tr-dosen\tr-dosen\tr.cpp(213): warning C4305: 'argument' : truncation from 'double' to 'GLfloat'
     1>c:\users\georgegege\documents\tr-dosen\tr-dosen\tr-dosen\tr.cpp(214): warning C4305: 'argument' : truncation from 'double' to 'GLfloat'
     1>c:\users\georgegege\documents\tr-dosen\tr-dosen\tr-dosen\tr.cpp(215): warning C4305: 'argument' : truncation from 'double' to 'GLfloat'
     1>c:\users\georgegege\documents\tr-dosen\tr-dosen\tr-dosen\tr.cpp(216): warning C4305: 'argument' : truncation from 'double' to 'GLfloat'
     1>c:\users\georgegege\documents\tr-dosen\tr-dosen\tr-dosen\tr.cpp(217): warning C4305: 'argument' : truncation from 'double' to 'GLfloat'
     1>c:\users\georgegege\documents\tr-dosen\tr-dosen\tr-dosen\tr.cpp(222): warning C4305: 'argument' : truncation from 'double' to 'GLfloat'
     1>c:\users\georgegege\documents\tr-dosen\tr-dosen\tr-dosen\tr.cpp(222): warning C4305: 'argument' : truncation from 'double' to 'GLfloat'
     1>c:\users\georgegege\documents\tr-dosen\tr-dosen\tr-dosen\tr.cpp(222): warning C4305: 'argument' : truncation from 'double' to 'GLfloat'
     1>c:\users\georgegege\documents\tr-dosen\tr-dosen\tr-dosen\tr.cpp(230): warning C4305: 'argument' : truncation from 'double' to 'GLfloat'
     1>c:\users\georgegege\documents\tr-dosen\tr-dosen\tr-dosen\tr.cpp(230): warning C4305: 'argument' : truncation from 'double' to 'GLfloat'
     1>c:\users\georgegege\documents\tr-dosen\tr-dosen\tr-dosen\tr.cpp(230): warning C4305: 'argument' : truncation from 'double' to 'GLfloat'
     1>c:\users\georgegege\documents\tr-dosen\tr-dosen\tr-dosen\tr.cpp(240): warning C4305: 'argument' : truncation from 'double' to 'GLfloat'
     1>c:\users\georgegege\documents\tr-dosen\tr-dosen\tr-dosen\tr.cpp(240): warning C4305: 'argument' : truncation from 'double' to 'GLfloat'
     1>c:\users\georgegege\documents\tr-dosen\tr-dosen\tr-dosen\tr.cpp(240): warning C4305: 'argument' : truncation from 'double' to 'GLfloat'
     1>c:\users\georgegege\documents\tr-dosen\tr-dosen\tr-dosen\tr.cpp(247): warning C4305: 'argument' : truncation from 'double' to 'GLfloat'
     1>c:\users\georgegege\documents\tr-dosen\tr-dosen\tr-dosen\tr.cpp(247): warning C4305: 'argument' : truncation from 'double' to 'GLfloat'
     1>c:\users\georgegege\documents\tr-dosen\tr-dosen\tr-dosen\tr.cpp(247): warning C4305: 'argument' : truncation from 'double' to 'GLfloat'
     1>c:\users\georgegege\documents\tr-dosen\tr-dosen\tr-dosen\tr.cpp(254): warning C4305: 'argument' : truncation from 'double' to 'GLfloat'
     1>c:\users\georgegege\documents\tr-dosen\tr-dosen\tr-dosen\tr.cpp(254): warning C4305: 'argument' : truncation from 'double' to 'GLfloat'
     1>c:\users\georgegege\documents\tr-dosen\tr-dosen\tr-dosen\tr.cpp(254): warning C4305: 'argument' : truncation from 'double' to 'GLfloat'
     1>c:\users\georgegege\documents\tr-dosen\tr-dosen\tr-dosen\tr.cpp(261): warning C4305: 'argument' : truncation from 'double' to 'GLfloat'
     1>c:\users\georgegege\documents\tr-dosen\tr-dosen\tr-dosen\tr.cpp(261): warning C4305: 'argument' : truncation from 'double' to 'GLfloat'
     1>c:\users\georgegege\documents\tr-dosen\tr-dosen\tr-dosen\tr.cpp(261): warning C4305: 'argument' : truncation from 'double' to 'GLfloat'
     1>c:\users\georgegege\documents\tr-dosen\tr-dosen\tr-dosen\tr.cpp(269): warning C4305: 'argument' : truncation from 'double' to 'GLfloat'
     1>c:\users\georgegege\documents\tr-dosen\tr-dosen\tr-dosen\tr.cpp(269): warning C4305: 'argument' : truncation from 'double' to 'GLfloat'
     1>c:\users\georgegege\documents\tr-dosen\tr-dosen\tr-dosen\tr.cpp(269): warning C4305: 'argument' : truncation from 'double' to 'GLfloat'
     1>c:\users\georgegege\documents\tr-dosen\tr-dosen\tr-dosen\tr.cpp(276): warning C4305: 'argument' : truncation from 'double' to 'GLfloat'
     1>c:\users\georgegege\documents\tr-dosen\tr-dosen\tr-dosen\tr.cpp(276): warning C4305: 'argument' : truncation from 'double' to 'GLfloat'
     1>c:\users\georgegege\documents\tr-dosen\tr-dosen\tr-dosen\tr.cpp(276): warning C4305: 'argument' : truncation from 'double' to 'GLfloat'
     1>c:\users\georgegege\documents\tr-dosen\tr-dosen\tr-dosen\tr.cpp(283): warning C4305: 'argument' : truncation from 'double' to 'GLfloat'
     1>c:\users\georgegege\documents\tr-dosen\tr-dosen\tr-dosen\tr.cpp(283): warning C4305: 'argument' : truncation from 'double' to 'GLfloat'
     1>c:\users\georgegege\documents\tr-dosen\tr-dosen\tr-dosen\tr.cpp(283): warning C4305: 'argument' : truncation from 'double' to 'GLfloat'
     1>c:\users\georgegege\documents\tr-dosen\tr-dosen\tr-dosen\tr.cpp(290): warning C4305: 'argument' : truncation from 'double' to 'GLfloat'
     1>c:\users\georgegege\documents\tr-dosen\tr-dosen\tr-dosen\tr.cpp(290): warning C4305: 'argument' : truncation from 'double' to 'GLfloat'
     1>c:\users\georgegege\documents\tr-dosen\tr-dosen\tr-dosen\tr.cpp(290): warning C4305: 'argument' : truncation from 'double' to 'GLfloat'
     1>c:\users\georgegege\documents\tr-dosen\tr-dosen\tr-dosen\tr.cpp(299): warning C4305: 'argument' : truncation from 'double' to 'GLfloat'
     1>c:\users\georgegege\documents\tr-dosen\tr-dosen\tr-dosen\tr.cpp(299): warning C4305: 'argument' : truncation from 'double' to 'GLfloat'
     1>c:\users\georgegege\documents\tr-dosen\tr-dosen\tr-dosen\tr.cpp(299): warning C4305: 'argument' : truncation from 'double' to 'GLfloat'
     1>c:\users\georgegege\documents\tr-dosen\tr-dosen\tr-dosen\tr.cpp(306): warning C4305: 'argument' : truncation from 'double' to 'GLfloat'
     1>c:\users\georgegege\documents\tr-dosen\tr-dosen\tr-dosen\tr.cpp(306): warning C4305: 'argument' : truncation from 'double' to 'GLfloat'
     1>c:\users\georgegege\documents\tr-dosen\tr-dosen\tr-dosen\tr.cpp(306): warning C4305: 'argument' : truncation from 'double' to 'GLfloat'
     1>c:\users\georgegege\documents\tr-dosen\tr-dosen\tr-dosen\tr.cpp(313): warning C4305: 'argument' : truncation from 'double' to 'GLfloat'
     1>c:\users\georgegege\documents\tr-dosen\tr-dosen\tr-dosen\tr.cpp(313): warning C4305: 'argument' : truncation from 'double' to 'GLfloat'
     1>c:\users\georgegege\documents\tr-dosen\tr-dosen\tr-dosen\tr.cpp(313): warning C4305: 'argument' : truncation from 'double' to 'GLfloat'
     1>c:\users\georgegege\documents\tr-dosen\tr-dosen\tr-dosen\tr.cpp(320): warning C4305: 'argument' : truncation from 'double' to 'GLfloat'
     1>c:\users\georgegege\documents\tr-dosen\tr-dosen\tr-dosen\tr.cpp(320): warning C4305: 'argument' : truncation from 'double' to 'GLfloat'
     1>c:\users\georgegege\documents\tr-dosen\tr-dosen\tr-dosen\tr.cpp(320): warning C4305: 'argument' : truncation from 'double' to 'GLfloat'
     1>c:\users\georgegege\documents\tr-dosen\tr-dosen\tr-dosen\tr.cpp(328): warning C4305: 'argument' : truncation from 'double' to 'GLfloat'
     1>c:\users\georgegege\documents\tr-dosen\tr-dosen\tr-dosen\tr.cpp(328): warning C4305: 'argument' : truncation from 'double' to 'GLfloat'
     1>c:\users\georgegege\documents\tr-dosen\tr-dosen\tr-dosen\tr.cpp(328): warning C4305: 'argument' : truncation from 'double' to 'GLfloat'
     1>c:\users\georgegege\documents\tr-dosen\tr-dosen\tr-dosen\tr.cpp(335): warning C4305: 'argument' : truncation from 'double' to 'GLfloat'
     1>c:\users\georgegege\documents\tr-dosen\tr-dosen\tr-dosen\tr.cpp(335): warning C4305: 'argument' : truncation from 'double' to 'GLfloat'
     1>c:\users\georgegege\documents\tr-dosen\tr-dosen\tr-dosen\tr.cpp(335): warning C4305: 'argument' : truncation from 'double' to 'GLfloat'
     1>c:\users\georgegege\documents\tr-dosen\tr-dosen\tr-dosen\tr.cpp(342): warning C4305: 'argument' : truncation from 'double' to 'GLfloat'
     1>c:\users\georgegege\documents\tr-dosen\tr-dosen\tr-dosen\tr.cpp(342): warning C4305: 'argument' : truncation from 'double' to 'GLfloat'
     1>c:\users\georgegege\documents\tr-dosen\tr-dosen\tr-dosen\tr.cpp(342): warning C4305: 'argument' : truncation from 'double' to 'GLfloat'
     1>c:\users\georgegege\documents\tr-dosen\tr-dosen\tr-dosen\tr.cpp(349): warning C4305: 'argument' : truncation from 'double' to 'GLfloat'
     1>c:\users\georgegege\documents\tr-dosen\tr-dosen\tr-dosen\tr.cpp(349): warning C4305: 'argument' : truncation from 'double' to 'GLfloat'
     1>c:\users\georgegege\documents\tr-dosen\tr-dosen\tr-dosen\tr.cpp(349): warning C4305: 'argument' : truncation from 'double' to 'GLfloat'
     1>c:\users\georgegege\documents\tr-dosen\tr-dosen\tr-dosen\tr.cpp(357): warning C4305: 'argument' : truncation from 'double' to 'GLfloat'
     1>c:\users\georgegege\documents\tr-dosen\tr-dosen\tr-dosen\tr.cpp(357): warning C4305: 'argument' : truncation from 'double' to 'GLfloat'
     1>c:\users\georgegege\documents\tr-dosen\tr-dosen\tr-dosen\tr.cpp(357): warning C4305: 'argument' : truncation from 'double' to 'GLfloat'
     1>c:\users\georgegege\documents\tr-dosen\tr-dosen\tr-dosen\tr.cpp(364): warning C4305: 'argument' : truncation from 'double' to 'GLfloat'
     1>c:\users\georgegege\documents\tr-dosen\tr-dosen\tr-dosen\tr.cpp(364): warning C4305: 'argument' : truncation from 'double' to 'GLfloat'
     1>c:\users\georgegege\documents\tr-dosen\tr-dosen\tr-dosen\tr.cpp(364): warning C4305: 'argument' : truncation from 'double' to 'GLfloat'
     1>c:\users\georgegege\documents\tr-dosen\tr-dosen\tr-dosen\tr.cpp(371): warning C4305: 'argument' : truncation from 'double' to 'GLfloat'
     1>c:\users\georgegege\documents\tr-dosen\tr-dosen\tr-dosen\tr.cpp(371): warning C4305: 'argument' : truncation from 'double' to 'GLfloat'
     1>c:\users\georgegege\documents\tr-dosen\tr-dosen\tr-dosen\tr.cpp(371): warning C4305: 'argument' : truncation from 'double' to 'GLfloat'
     1>c:\users\georgegege\documents\tr-dosen\tr-dosen\tr-dosen\tr.cpp(378): warning C4305: 'argument' : truncation from 'double' to 'GLfloat'
     1>c:\users\georgegege\documents\tr-dosen\tr-dosen\tr-dosen\tr.cpp(378): warning C4305: 'argument' : truncation from 'double' to 'GLfloat'
     1>c:\users\georgegege\documents\tr-dosen\tr-dosen\tr-dosen\tr.cpp(378): warning C4305: 'argument' : truncation from 'double' to 'GLfloat'
     1>c:\users\georgegege\documents\tr-dosen\tr-dosen\tr-dosen\tr.cpp(391): warning C4305: 'argument' : truncation from 'double' to 'GLfloat'
     1>c:\users\georgegege\documents\tr-dosen\tr-dosen\tr-dosen\tr.cpp(391): warning C4305: 'argument' : truncation from 'double' to 'GLfloat'
     1>c:\users\georgegege\documents\tr-dosen\tr-dosen\tr-dosen\tr.cpp(391): warning C4305: 'argument' : truncation from 'double' to 'GLfloat'
       Link:
         C:\Program Files (x86)\Microsoft Visual Studio 10.0\VC\bin\link.exe /ERRORREPORT:PROMPT /OUT:"C:\Users\Georgegege\Documents\TR-Dosen\TR-Dosen\Debug\TR-Dosen.exe" /NOLOGO /LIBPATH:"C:\Users\Georgegege\Documents\Glew & Glut Visual Studio\freeglut\lib" /LIBPATH:"C:\Users\Georgegege\Documents\Glew & Glut Visual Studio\Glew\lib" freeglut.lib glew32.lib kernel32.lib user32.lib gdi32.lib winspool.lib comdlg32.lib advapi32.lib shell32.lib ole32.lib oleaut32.lib uuid.lib odbc32.lib odbccp32.lib /MANIFEST /ManifestFile:"Debug\TR-Dosen.exe.intermediate.manifest" /MANIFESTUAC:"level='asInvoker' uiAccess='false'" /DEBUG /PDB:"C:\Users\Georgegege\Documents\TR-Dosen\TR-Dosen\Debug\TR-Dosen.pdb" /TLBID:1 /DYNAMICBASE /NXCOMPAT /IMPLIB:"C:\Users\Georgegege\Documents\TR-Dosen\TR-Dosen\Debug\TR-Dosen.lib" /MACHINE:X86 Debug\TR.obj
         LINK : C:\Users\Georgegege\Documents\TR-Dosen\TR-Dosen\Debug\TR-Dosen.exe not found or not built by the last incremental link; performing full link
         TR-Dosen.vcxproj -> C:\Users\Georgegege\Documents\TR-Dosen\TR-Dosen\Debug\TR-Dosen.exe
       Manifest:
         C:\Program Files (x86)\Microsoft SDKs\Windows\v7.0A\bin\mt.exe /nologo /verbose /outputresource:"C:\Users\Georgegege\Documents\TR-Dosen\TR-Dosen\Debug\TR-Dosen.exe;#1" /manifest "Debug\TR-Dosen.exe.intermediate.manifest"
       FinalizeBuildStatus:
         Deleting file "Debug\TR-Dosen.unsuccessfulbuild".
         Touching "Debug\TR-Dosen.lastbuildstate".
     1>Done Building Project "C:\Users\Georgegege\Documents\TR-Dosen\TR-Dosen\TR-Dosen\TR-Dosen.vcxproj" (build target(s)).

Build succeeded.

Time Elapsed 00:00:02.64
